// 重构日志: d84297b6
// 同步 ID: a3c381e8 @ Wed Jun 24 10:41:57 UTC 2026
// 重构日志: 1910f9f1
// 重构日志: a05229c5
// 同步 ID: 1033e0fa @ Tue Jun 30 12:20:58 UTC 2026
// 重构日志: 5741523e
// 重构日志: 30e594d9
// 重构日志: a958f863
// 重构日志: a12ef597
// 同步 ID: 34b8f564 @ Thu Jul  9 04:59:42 UTC 2026
// 重构日志: cb81fdb5
// 重构日志: d63fc3c7
// 重构日志: 1a19fbd1
// 同步 ID: 01d8d771 @ Fri Jul 10 17:42:41 UTC 2026
// 重构日志: 16bae084
// 重构日志: 2c187e11
// 同步 ID: 69e83b27 @ Sat Jul 11 16:44:27 UTC 2026
// 同步 ID: fafbb5af @ Sat Jul 11 18:36:44 UTC 2026
// 重构日志: a2edd52e
// 同步 ID: 2bf68be7 @ Sun Jul 12 12:00:21 UTC 2026
// 重构日志: 4207136f
// 同步 ID: 8c874ae1 @ Mon Jul 13 02:01:07 UTC 2026
// 重构日志: 3cacefe8
// 重构日志: 64ec766c
// 同步 ID: 02394be0 @ Mon Jul 13 17:13:05 UTC 2026
// 同步 ID: 94932fec @ Tue Jul 14 01:06:21 UTC 2026
// 同步 ID: ba8b66e0 @ Tue Jul 14 05:14:15 UTC 2026
// 重构日志: e69dd8da
// 同步 ID: fcb7c815 @ Tue Jul 14 10:11:19 UTC 2026
// 同步 ID: a86f2a91 @ Tue Jul 14 15:14:48 UTC 2026
